<?xml version="1.0" encoding="UTF-8"?>
<!-- Generated by org.testng.reporters.JUnitXMLReporter -->
<testsuite ignored="0" hostname="DESKTOP-NR7OAAO" failures="1" tests="57" name="Default test" time="2901.076" errors="0" timestamp="2024-07-19T19:20:38 IST">
  <testcase classname="Testcaseoutp.InstructorPanelTest" name="@BeforeMethod launchbrowser" time="1391.377">
    <failure type="org.openqa.selenium.SessionNotCreatedException" message="Could not start a new session. Possible causes are invalid address of the remote server or browser start-up failure. 
Host info: host: &amp;apos;DESKTOP-NR7OAAO&amp;apos;, ip: &amp;apos;192.168.29.224&amp;apos;">
      <![CDATA[org.openqa.selenium.SessionNotCreatedException: Could not start a new session. Possible causes are invalid address of the remote server or browser start-up failure. 
Host info: host: 'DESKTOP-NR7OAAO', ip: '192.168.29.224'
at org.openqa.selenium.remote.RemoteWebDriver.execute(RemoteWebDriver.java:536)
at org.openqa.selenium.remote.RemoteWebDriver.startSession(RemoteWebDriver.java:232)
at org.openqa.selenium.remote.RemoteWebDriver.<init>(RemoteWebDriver.java:161)
at org.openqa.selenium.chromium.ChromiumDriver.<init>(ChromiumDriver.java:114)
at org.openqa.selenium.chrome.ChromeDriver.<init>(ChromeDriver.java:88)
at org.openqa.selenium.chrome.ChromeDriver.<init>(ChromeDriver.java:83)
at org.openqa.selenium.chrome.ChromeDriver.<init>(ChromeDriver.java:51)
at baseclass.BaseTestclass.loadConfig(BaseTestclass.java:75)
at Testcaseoutp.InstructorPanelTest.launchbrowser(InstructorPanelTest.java:26)
at java.base/jdk.internal.reflect.DirectMethodHandleAccessor.invoke(DirectMethodHandleAccessor.java:103)
at java.base/java.lang.reflect.Method.invoke(Method.java:580)
at org.testng.internal.MethodInvocationHelper.invokeMethod(MethodInvocationHelper.java:133)
at org.testng.internal.MethodInvocationHelper.invokeMethodConsideringTimeout(MethodInvocationHelper.java:62)
at org.testng.internal.ConfigInvoker.invokeConfigurationMethod(ConfigInvoker.java:385)
at org.testng.internal.ConfigInvoker.invokeConfigurations(ConfigInvoker.java:321)
at org.testng.internal.TestInvoker.runConfigMethods(TestInvoker.java:700)
at org.testng.internal.TestInvoker.invokeMethod(TestInvoker.java:527)
at org.testng.internal.TestInvoker.invokeTestMethod(TestInvoker.java:173)
at org.testng.internal.MethodRunner.runInSequence(MethodRunner.java:46)
at org.testng.internal.TestInvoker$MethodInvocationAgent.invoke(TestInvoker.java:824)
at org.testng.internal.TestInvoker.invokeTestMethods(TestInvoker.java:146)
at org.testng.internal.TestMethodWorker.invokeTestMethods(TestMethodWorker.java:146)
at org.testng.internal.TestMethodWorker.run(TestMethodWorker.java:128)
at java.base/java.util.ArrayList.forEach(ArrayList.java:1597)
at org.testng.TestRunner.privateRun(TestRunner.java:794)
at org.testng.TestRunner.run(TestRunner.java:596)
at org.testng.SuiteRunner.runTest(SuiteRunner.java:377)
at org.testng.SuiteRunner.runSequentially(SuiteRunner.java:371)
at org.testng.SuiteRunner.privateRun(SuiteRunner.java:332)
at org.testng.SuiteRunner.run(SuiteRunner.java:276)
at org.testng.SuiteRunnerWorker.runSuite(SuiteRunnerWorker.java:53)
at org.testng.SuiteRunnerWorker.run(SuiteRunnerWorker.java:96)
at org.testng.TestNG.runSuitesSequentially(TestNG.java:1212)
at org.testng.TestNG.runSuitesLocally(TestNG.java:1134)
at org.testng.TestNG.runSuites(TestNG.java:1063)
at org.testng.TestNG.run(TestNG.java:1031)
at org.testng.remote.AbstractRemoteTestNG.run(AbstractRemoteTestNG.java:115)
at org.testng.remote.RemoteTestNG.initAndRun(RemoteTestNG.java:293)
at org.testng.remote.RemoteTestNG.main(RemoteTestNG.java:91)
Caused by: org.openqa.selenium.TimeoutException: java.net.http.HttpTimeoutException: request timed out
Build info: version: '4.20.0', revision: '866c76ca80'
System info: os.name: 'Windows 10', os.arch: 'amd64', os.version: '10.0', java.version: '22.0.1'
Driver info: driver.version: ChromeDriver
at org.openqa.selenium.remote.http.jdk.JdkHttpClient.execute0(JdkHttpClient.java:386)
at org.openqa.selenium.remote.http.AddSeleniumUserAgent.lambda$apply$0(AddSeleniumUserAgent.java:42)
at org.openqa.selenium.remote.http.Filter.lambda$andFinally$1(Filter.java:55)
at org.openqa.selenium.remote.http.jdk.JdkHttpClient.execute(JdkHttpClient.java:352)
at org.openqa.selenium.remote.ProtocolHandshake.createSession(ProtocolHandshake.java:89)
at org.openqa.selenium.remote.ProtocolHandshake.createSession(ProtocolHandshake.java:75)
at org.openqa.selenium.remote.ProtocolHandshake.createSession(ProtocolHandshake.java:61)
at org.openqa.selenium.remote.HttpCommandExecutor.execute(HttpCommandExecutor.java:162)
at org.openqa.selenium.remote.service.DriverCommandExecutor.invokeExecute(DriverCommandExecutor.java:216)
at org.openqa.selenium.remote.service.DriverCommandExecutor.execute(DriverCommandExecutor.java:174)
at org.openqa.selenium.remote.RemoteWebDriver.execute(RemoteWebDriver.java:518)
... 38 more
Caused by: java.net.http.HttpTimeoutException: request timed out
at java.net.http/jdk.internal.net.http.ResponseTimerEvent.handle(ResponseTimerEvent.java:63)
at java.net.http/jdk.internal.net.http.HttpClientImpl.purgeTimeoutsAndReturnNextDeadline(HttpClientImpl.java:1788)
at java.net.http/jdk.internal.net.http.HttpClientImpl$SelectorManager.run(HttpClientImpl.java:1385)
]]>
    </failure>
  </testcase> <!-- @BeforeMethod launchbrowser -->
  <testcase classname="Testcaseoutp.InstructorPanelTest" name="@AfterMethod quitbrowser" time="-1.721397037845E9">
    <skipped/>
  </testcase> <!-- @AfterMethod quitbrowser -->
  <testcase classname="Testcaseoutp.InstructorPanelTest" name="@BeforeMethod launchbrowser" time="-1.721397037847E9">
    <skipped/>
  </testcase> <!-- @BeforeMethod launchbrowser -->
  <testcase classname="Testcaseoutp.InstructorPanelTest" name="@AfterMethod quitbrowser" time="-1.721397037866E9">
    <skipped/>
  </testcase> <!-- @AfterMethod quitbrowser -->
  <testcase classname="Testcaseoutp.InstructorPanelTest" name="@BeforeMethod launchbrowser" time="-1.721397037868E9">
    <skipped/>
  </testcase> <!-- @BeforeMethod launchbrowser -->
  <testcase classname="Testcaseoutp.InstructorPanelTest" name="@AfterMethod quitbrowser" time="-1.721397037902E9">
    <skipped/>
  </testcase> <!-- @AfterMethod quitbrowser -->
  <testcase classname="Testcaseoutp.InstructorPanelTest" name="@BeforeMethod launchbrowser" time="-1.721397037904E9">
    <skipped/>
  </testcase> <!-- @BeforeMethod launchbrowser -->
  <testcase classname="Testcaseoutp.InstructorPanelTest" name="@AfterMethod quitbrowser" time="-1.721397037919E9">
    <skipped/>
  </testcase> <!-- @AfterMethod quitbrowser -->
  <testcase classname="Testcaseoutp.InstructorPanelTest" name="@BeforeMethod launchbrowser" time="-1.72139703792E9">
    <skipped/>
  </testcase> <!-- @BeforeMethod launchbrowser -->
  <testcase classname="Testcaseoutp.InstructorPanelTest" name="@AfterMethod quitbrowser" time="-1.721397037958E9">
    <skipped/>
  </testcase> <!-- @AfterMethod quitbrowser -->
  <testcase classname="Testcaseoutp.InstructorPanelTest" name="@BeforeMethod launchbrowser" time="-1.721397037961E9">
    <skipped/>
  </testcase> <!-- @BeforeMethod launchbrowser -->
  <testcase classname="Testcaseoutp.InstructorPanelTest" name="@AfterMethod quitbrowser" time="-1.72139703797E9">
    <skipped/>
  </testcase> <!-- @AfterMethod quitbrowser -->
  <testcase classname="baseclass.BaseTestclass" name="@AfterClass aftsetup" time="-1.721397037974E9">
    <skipped/>
  </testcase> <!-- @AfterClass aftsetup -->
  <testcase classname="Testcaseoutp.InstructorPanelTest" name="courseopen" time="10.88"/>
  <testcase classname="Testcaseoutp.InstructorPanelTest" name="dashboard" time="11.182"/>
  <testcase classname="Testcaseoutp.InstructorPanelTest" name="Courses" time="12.818"/>
  <testcase classname="Testcaseoutp.InstructorPanelTest" name="coursemycourse" time="10.816"/>
  <testcase classname="Testcaseoutp.InstructorPanelTest" name="CoursesMycoursepage" time="11.69"/>
  <testcase classname="Testcaseoutp.InstructorPanelTest" name="mypurchessetab" time="9.229"/>
  <testcase classname="Testcaseoutp.InstructorPanelTest" name="myCoursecomments" time="9.633"/>
  <testcase classname="Testcaseoutp.InstructorPanelTest" name="favtestinst" time="8.673"/>
  <testcase classname="Testcaseoutp.InstructorPanelTest" name="CoursebundlesTest" time="10.901"/>
  <testcase classname="Testcaseoutp.InstructorPanelTest" name="NewCoursebundlesTest" time="14.936"/>
  <testcase classname="Testcaseoutp.InstructorPanelTest" name="MyBundleCoursebundlesTest" time="8.359"/>
  <testcase classname="Testcaseoutp.InstructorPanelTest" name="Assigmenttest" time="11.028"/>
  <testcase classname="Testcaseoutp.InstructorPanelTest" name="myAssigmenttest" time="8.053"/>
  <testcase classname="Testcaseoutp.InstructorPanelTest" name="StudentAssigmenttest" time="9.261"/>
  <testcase classname="Testcaseoutp.InstructorPanelTest" name="Meetingtest" time="7.979"/>
  <testcase classname="Testcaseoutp.InstructorPanelTest" name="requestmeeting" time="8.584"/>
  <testcase classname="Testcaseoutp.InstructorPanelTest" name="reservationmtingtest" time="8.589"/>
  <testcase classname="Testcaseoutp.InstructorPanelTest" name="requestmeetingadd" time="20.288"/>
  <testcase classname="Testcaseoutp.InstructorPanelTest" name="certificatetest" time="9.904"/>
  <testcase classname="Testcaseoutp.InstructorPanelTest" name="certificateList" time="8.558"/>
  <testcase classname="Testcaseoutp.InstructorPanelTest" name="certificate" time="7.914"/>
  <testcase classname="Testcaseoutp.InstructorPanelTest" name="certificateval" time="10.053"/>
  <testcase classname="Testcaseoutp.InstructorPanelTest" name="comletioncertificatetest" time="8.823"/>
  <testcase classname="Testcaseoutp.InstructorPanelTest" name="comletionTabnFinancial" time="7.615"/>
  <testcase classname="Testcaseoutp.InstructorPanelTest" name="comletionSalesreportl" time="8.858"/>
  <testcase classname="Testcaseoutp.InstructorPanelTest" name="FinSalesreportl" time="11.285"/>
  <testcase classname="Testcaseoutp.InstructorPanelTest" name="Finfinacsummary" time="8.286"/>
  <testcase classname="Testcaseoutp.InstructorPanelTest" name="Articles" time="10.805"/>
  <testcase classname="Testcaseoutp.InstructorPanelTest" name="FinfinfinacPayout" time="9.155"/>
  <testcase classname="Testcaseoutp.InstructorPanelTest" name="FinfinAddWalletMoney" time="9.016"/>
  <testcase classname="Testcaseoutp.InstructorPanelTest" name="FinfinAddSubscribe" time="9.213"/>
  <testcase classname="Testcaseoutp.InstructorPanelTest" name="FinfinInstallments" time="8.441"/>
  <testcase classname="Testcaseoutp.InstructorPanelTest" name="support" time="9.703"/>
  <testcase classname="Testcaseoutp.InstructorPanelTest" name="supportnewtest" time="8.429"/>
  <testcase classname="Testcaseoutp.InstructorPanelTest" name="supportnewscourseupporttest" time="8.34"/>
  <testcase classname="Testcaseoutp.InstructorPanelTest" name="supportnewTicketsttest" time="8.612"/>
  <testcase classname="Testcaseoutp.InstructorPanelTest" name="supportMarketingtest" time="13.219"/>
  <testcase classname="Testcaseoutp.InstructorPanelTest" name="sMarketingMarkDiscountstest" time="8.69"/>
  <testcase classname="Testcaseoutp.InstructorPanelTest" name="marktPromotionss" time="8.729"/>
  <testcase classname="Testcaseoutp.InstructorPanelTest" name="forum" time="8.011"/>
  <testcase classname="Testcaseoutp.InstructorPanelTest" name="forumnewForumsTopic" time="8.716"/>
  <testcase classname="Testcaseoutp.InstructorPanelTest" name="forumnewBookmark" time="9.298"/>
  <testcase classname="Testcaseoutp.InstructorPanelTest" name="Articlesnewart" time="11.469"/>
  <testcase classname="Testcaseoutp.InstructorPanelTest" name="ArticlComments" time="8.312"/>
  <testcase classname="Testcaseoutp.InstructorPanelTest" name="Noticeboardtest" time="7.925"/>
  <testcase classname="Testcaseoutp.InstructorPanelTest" name="Noticeboardtesto" time="7.742"/>
  <testcase classname="Testcaseoutp.InstructorPanelTest" name="Noticeboardhistorytesto" time="8.554"/>
  <testcase classname="Testcaseoutp.InstructorPanelTest" name="Noticeboardhistorytest" time="8.731"/>
  <testcase classname="Testcaseoutp.InstructorPanelTest" name="Noticeboarnewcourse" time="8.592"/>
  <testcase classname="Testcaseoutp.InstructorPanelTest" name="Noticeboarnewcoursenot" time="9.1"/>
  <testcase classname="Testcaseoutp.InstructorPanelTest" name="Noticeboarcourse" time="188.966">
    <failure type="org.openqa.selenium.WebDriverException" message="disconnected: unable to send message to renderer
  (failed to check if window was closed: disconnected: not connected to DevTools)
  (Session info: chrome=126.0.6478.128)
Build info: version: &amp;apos;4.20.0&amp;apos;, revision: &amp;apos;866c76ca80&amp;apos;
System info: os.name: &amp;apos;Windows 10&amp;apos;, os.arch: &amp;apos;amd64&amp;apos;, os.version: &amp;apos;10.0&amp;apos;, java.version: &amp;apos;22.0.1&amp;apos;
Driver info: org.openqa.selenium.chrome.ChromeDriver
Command: [9563fad648cb37cf759900c08baafe86, findElement {value=//span[normalize-space()=&amp;apos;Noticeboard&amp;apos;], using=xpath}]
Capabilities {acceptInsecureCerts: false, browserName: chrome, browserVersion: 126.0.6478.128, chrome: {chromedriverVersion: 126.0.6478.182 (5b5d8292ddf..., userDataDir: C:\Users\dell\AppData\Local...}, fedcm:accounts: true, goog:chromeOptions: {debuggerAddress: localhost:23394}, networkConnectionEnabled: false, pageLoadStrategy: normal, platformName: windows, proxy: Proxy(), se:cdp: ws://localhost:23394/devtoo..., se:cdpVersion: 126.0.6478.128, setWindowRect: true, strictFileInteractability: false, timeouts: {implicit: 0, pageLoad: 300000, script: 30000}, unhandledPromptBehavior: dismiss and notify, webauthn:extension:credBlob: true, webauthn:extension:largeBlob: true, webauthn:extension:minPinLength: true, webauthn:extension:prf: true, webauthn:virtualAuthenticators: true}
Session ID: 9563fad648cb37cf759900c08baafe86">
      <![CDATA[org.openqa.selenium.WebDriverException: disconnected: unable to send message to renderer
  (failed to check if window was closed: disconnected: not connected to DevTools)
  (Session info: chrome=126.0.6478.128)
Build info: version: '4.20.0', revision: '866c76ca80'
System info: os.name: 'Windows 10', os.arch: 'amd64', os.version: '10.0', java.version: '22.0.1'
Driver info: org.openqa.selenium.chrome.ChromeDriver
Command: [9563fad648cb37cf759900c08baafe86, findElement {value=//span[normalize-space()='Noticeboard'], using=xpath}]
Capabilities {acceptInsecureCerts: false, browserName: chrome, browserVersion: 126.0.6478.128, chrome: {chromedriverVersion: 126.0.6478.182 (5b5d8292ddf..., userDataDir: C:\Users\dell\AppData\Local...}, fedcm:accounts: true, goog:chromeOptions: {debuggerAddress: localhost:23394}, networkConnectionEnabled: false, pageLoadStrategy: normal, platformName: windows, proxy: Proxy(), se:cdp: ws://localhost:23394/devtoo..., se:cdpVersion: 126.0.6478.128, setWindowRect: true, strictFileInteractability: false, timeouts: {implicit: 0, pageLoad: 300000, script: 30000}, unhandledPromptBehavior: dismiss and notify, webauthn:extension:credBlob: true, webauthn:extension:largeBlob: true, webauthn:extension:minPinLength: true, webauthn:extension:prf: true, webauthn:virtualAuthenticators: true}
Session ID: 9563fad648cb37cf759900c08baafe86
at java.base/jdk.internal.reflect.DirectConstructorHandleAccessor.newInstance(DirectConstructorHandleAccessor.java:62)
at java.base/java.lang.reflect.Constructor.newInstanceWithCaller(Constructor.java:502)
at java.base/java.lang.reflect.Constructor.newInstance(Constructor.java:486)
at org.openqa.selenium.remote.ErrorCodec.decode(ErrorCodec.java:167)
at org.openqa.selenium.remote.codec.w3c.W3CHttpResponseCodec.decode(W3CHttpResponseCodec.java:138)
at org.openqa.selenium.remote.codec.w3c.W3CHttpResponseCodec.decode(W3CHttpResponseCodec.java:50)
at org.openqa.selenium.remote.HttpCommandExecutor.execute(HttpCommandExecutor.java:190)
at org.openqa.selenium.remote.service.DriverCommandExecutor.invokeExecute(DriverCommandExecutor.java:216)
at org.openqa.selenium.remote.service.DriverCommandExecutor.execute(DriverCommandExecutor.java:174)
at org.openqa.selenium.remote.RemoteWebDriver.execute(RemoteWebDriver.java:518)
at org.openqa.selenium.remote.ElementLocation$ElementFinder$2.findElement(ElementLocation.java:165)
at org.openqa.selenium.remote.ElementLocation.findElement(ElementLocation.java:59)
at org.openqa.selenium.remote.RemoteWebDriver.findElement(RemoteWebDriver.java:355)
at org.openqa.selenium.remote.RemoteWebDriver.findElement(RemoteWebDriver.java:349)
at PageObject.InstructorDashboard.Noticeboard(InstructorDashboard.java:324)
at Testcaseoutp.InstructorPanelTest.Noticeboarcourse(InstructorPanelTest.java:1073)
at java.base/jdk.internal.reflect.DirectMethodHandleAccessor.invoke(DirectMethodHandleAccessor.java:103)
at java.base/java.lang.reflect.Method.invoke(Method.java:580)
at org.testng.internal.MethodInvocationHelper.invokeMethod(MethodInvocationHelper.java:133)
at org.testng.internal.TestInvoker.invokeMethod(TestInvoker.java:598)
at org.testng.internal.TestInvoker.invokeTestMethod(TestInvoker.java:173)
at org.testng.internal.MethodRunner.runInSequence(MethodRunner.java:46)
at org.testng.internal.TestInvoker$MethodInvocationAgent.invoke(TestInvoker.java:824)
at org.testng.internal.TestInvoker.invokeTestMethods(TestInvoker.java:146)
at org.testng.internal.TestMethodWorker.invokeTestMethods(TestMethodWorker.java:146)
at org.testng.internal.TestMethodWorker.run(TestMethodWorker.java:128)
at java.base/java.util.ArrayList.forEach(ArrayList.java:1597)
at org.testng.TestRunner.privateRun(TestRunner.java:794)
at org.testng.TestRunner.run(TestRunner.java:596)
at org.testng.SuiteRunner.runTest(SuiteRunner.java:377)
at org.testng.SuiteRunner.runSequentially(SuiteRunner.java:371)
at org.testng.SuiteRunner.privateRun(SuiteRunner.java:332)
at org.testng.SuiteRunner.run(SuiteRunner.java:276)
at org.testng.SuiteRunnerWorker.runSuite(SuiteRunnerWorker.java:53)
at org.testng.SuiteRunnerWorker.run(SuiteRunnerWorker.java:96)
at org.testng.TestNG.runSuitesSequentially(TestNG.java:1212)
at org.testng.TestNG.runSuitesLocally(TestNG.java:1134)
at org.testng.TestNG.runSuites(TestNG.java:1063)
at org.testng.TestNG.run(TestNG.java:1031)
at org.testng.remote.AbstractRemoteTestNG.run(AbstractRemoteTestNG.java:115)
at org.testng.remote.RemoteTestNG.initAndRun(RemoteTestNG.java:293)
at org.testng.remote.RemoteTestNG.main(RemoteTestNG.java:91)
]]>
    </failure>
  </testcase> <!-- Noticeboarcourse -->
  <testcase classname="Testcaseoutp.InstructorPanelTest" name="notificationinst" time="0.0">
    <skipped/>
  </testcase> <!-- notificationinst -->
  <testcase classname="Testcaseoutp.InstructorPanelTest" name="inspanelSettingstest" time="0.0">
    <skipped/>
  </testcase> <!-- inspanelSettingstest -->
  <testcase classname="Testcaseoutp.InstructorPanelTest" name="Profileusertest" time="0.0">
    <skipped/>
  </testcase> <!-- Profileusertest -->
  <testcase classname="Testcaseoutp.InstructorPanelTest" name="logout" time="0.0">
    <skipped/>
  </testcase> <!-- logout -->
  <testcase classname="Testcaseoutp.InstructorPanelTest" name="profilename" time="0.0">
    <skipped/>
  </testcase> <!-- profilename -->
  <testcase classname="Testcaseoutp.InstructorPanelTest" name="checkuser" time="0.0">
    <skipped/>
  </testcase> <!-- checkuser -->
</testsuite> <!-- Default test -->
