<?xml version="1.0" encoding="UTF-8"?>
<!-- Generated by org.testng.reporters.JUnitXMLReporter -->
<testsuite ignored="4" hostname="DESKTOP-NR7OAAO" failures="0" tests="10" name="Test" time="277.179" errors="0" timestamp="2024-06-19T10:58:44 IST">
  <testcase classname="Testcaseoutp.LoginpageTest" name="loginTestmethod" time="25.887"/>
  <testcase classname="Testcaseoutp.LoginpageTest" name="loginforAdmintest" time="19.544"/>
  <testcase classname="Testcaseoutp.LoginpageTest" name="secondtest" time="0.03"/>
  <testcase classname="Testcaseoutp.HomePagetests" name="Logoicondesplayed" time="0.186"/>
  <testcase classname="Testcaseoutp.HomePagetests" name="OnlineCunsultation" time="4.149"/>
  <testcase classname="Testcaseoutp.HomePagetests" name="personalizedreport" time="5.117"/>
  <testcase classname="Testcaseoutp.UserPaneTest" name="checklearningPage" time="20.822"/>
  <testcase classname="Testcaseoutp.UserPaneTest" name="purchasesection" time="21.657"/>
  <testcase classname="Testcaseoutp.UserPaneTest" name="mycomments" time="22.679"/>
  <testcase classname="Testcaseoutp.UserPaneTest" name="favoritesection" time="14.094"/>
  <testcase classname="baseclass.BaseTestclass" name="@AfterSuite afterlast" time="0.0">
    <ignored/>
  </testcase> <!-- @AfterSuite afterlast -->
  <testcase classname="baseclass.BaseTestclass" name="@AfterSuite afterlast" time="0.0">
    <ignored/>
  </testcase> <!-- @AfterSuite afterlast -->
  <testcase classname="baseclass.BaseTestclass" name="@BeforeSuite beforessuit" time="0.0">
    <ignored/>
  </testcase> <!-- @BeforeSuite beforessuit -->
  <testcase classname="baseclass.BaseTestclass" name="@BeforeSuite beforessuit" time="0.0">
    <ignored/>
  </testcase> <!-- @BeforeSuite beforessuit -->
</testsuite> <!-- Test -->
