<?xml version="1.0" encoding="UTF-8"?>
<!-- Generated by org.testng.reporters.JUnitXMLReporter -->
<testsuite ignored="6" hostname="DESKTOP-NR7OAAO" failures="4" tests="94" name="Test" time="2461.138" errors="0" timestamp="2024-07-29T15:34:25 IST">
  <testcase classname="Testcaseoutp.LoginpageTest" name="loginTestmethod" time="17.617"/>
  <testcase classname="Testcaseoutp.LoginpageTest" name="loginTestmethodinvalid" time="8.997"/>
  <testcase classname="Testcaseoutp.LoginpageTest" name="loginforAdmintest" time="23.028"/>
  <testcase classname="Testcaseoutp.LoginpageTest" name="loginforInstructor" time="92.602"/>
  <testcase classname="Testcaseoutp.HomePagetests" name="Logoicondesplayed" time="0.144"/>
  <testcase classname="Testcaseoutp.HomePagetests" name="OnlineCunsultation" time="5.063"/>
  <testcase classname="Testcaseoutp.HomePagetests" name="personalizedreport" time="3.873"/>
  <testcase classname="Testcaseoutp.HomePagetests" name="viewallfirsthind" time="0.071"/>
  <testcase classname="Testcaseoutp.HomePagetests" name="viewallenglish" time="0.082"/>
  <testcase classname="Testcaseoutp.HomePagetests" name="viewallAstro" time="2.932"/>
  <testcase classname="Testcaseoutp.HomePagetests" name="viewallinstructorrr" time="0.066"/>
  <testcase classname="Testcaseoutp.HomePagetests" name="contactuspage" time="26.645"/>
  <testcase classname="Testcaseoutp.HomePagetests" name="socialmedialiinksmethos" time="3.077"/>
  <testcase classname="Testcaseoutp.HomePagetests" name="addresstes" time="0.096"/>
  <testcase classname="Testcaseoutp.HomePagetests" name="getintouchEmail" time="4.175"/>
  <testcase classname="Testcaseoutp.UserPaneTest" name="checklearningPage" time="38.666"/>
  <testcase classname="Testcaseoutp.UserPaneTest" name="coursespagetest" time="14.255"/>
  <testcase classname="Testcaseoutp.UserPaneTest" name="purchasesection" time="19.921"/>
  <testcase classname="Testcaseoutp.UserPaneTest" name="mycomments" time="20.662"/>
  <testcase classname="Testcaseoutp.UserPaneTest" name="favoritesection" time="14.785"/>
  <testcase classname="Testcaseoutp.UserPaneTest" name="Assignmentpage" time="10.633"/>
  <testcase classname="Testcaseoutp.UserPaneTest" name="quizzes" time="13.536"/>
  <testcase classname="Testcaseoutp.UserPaneTest" name="notparticpated" time="10.259"/>
  <testcase classname="Testcaseoutp.UserPaneTest" name="Financialsummary" time="9.696"/>
  <testcase classname="Testcaseoutp.UserPaneTest" name="installmentpage" time="11.67"/>
  <testcase classname="Testcaseoutp.UserPaneTest" name="viewdeatails" time="59.374">
    <failure type="org.openqa.selenium.NoSuchElementException" message="Unable to find element with locator By.xpath: //div[@x-placement=&amp;apos;bottom-start&amp;apos;]//a[@class=&amp;apos;webinar-actions d-block mt-10&amp;apos;][normalize-space()=&amp;apos;View Details&amp;apos;]
For documentation on this error, please visit: https://www.selenium.dev/documentation/webdriver/troubleshooting/errors#no-such-element-exception
Build info: version: &amp;apos;4.20.0&amp;apos;, revision: &amp;apos;866c76ca80&amp;apos;
System info: os.name: &amp;apos;Windows 10&amp;apos;, os.arch: &amp;apos;amd64&amp;apos;, os.version: &amp;apos;10.0&amp;apos;, java.version: &amp;apos;22.0.1&amp;apos;
Driver info: driver.version: RemoteWebDriver">
      <![CDATA[org.openqa.selenium.NoSuchElementException: Unable to find element with locator By.xpath: //div[@x-placement='bottom-start']//a[@class='webinar-actions d-block mt-10'][normalize-space()='View Details']
For documentation on this error, please visit: https://www.selenium.dev/documentation/webdriver/troubleshooting/errors#no-such-element-exception
Build info: version: '4.20.0', revision: '866c76ca80'
System info: os.name: 'Windows 10', os.arch: 'amd64', os.version: '10.0', java.version: '22.0.1'
Driver info: driver.version: RemoteWebDriver
at org.openqa.selenium.remote.ElementLocation$ElementFinder$2.findElement(ElementLocation.java:168)
at org.openqa.selenium.remote.ElementLocation.findElement(ElementLocation.java:59)
at org.openqa.selenium.remote.RemoteWebDriver.findElement(RemoteWebDriver.java:355)
at org.openqa.selenium.remote.RemoteWebDriver.findElement(RemoteWebDriver.java:349)
at CommonElements.CommonHelp.findAnyElement(CommonHelp.java:34)
at CommonElements.CommonHelp.clickOnElement_JS(CommonHelp.java:122)
at PageObject.UserPanel.viewdetails(UserPanel.java:178)
at Testcaseoutp.UserPaneTest.viewdeatails(UserPaneTest.java:382)
at java.base/java.util.ArrayList.forEach(ArrayList.java:1597)
... Removed 25 stack frames]]>
    </failure>
  </testcase> <!-- viewdeatails -->
  <testcase classname="Testcaseoutp.UserPaneTest" name="supporttest" time="8.83"/>
  <testcase classname="Testcaseoutp.UserPaneTest" name="supporttabew" time="9.38"/>
  <testcase classname="Testcaseoutp.UserPaneTest" name="Incustomersupport" time="10.686"/>
  <testcase classname="Testcaseoutp.UserPaneTest" name="ticketcustom" time="10.657"/>
  <testcase classname="Testcaseoutp.UserPaneTest" name="ticketcusto" time="9.666"/>
  <testcase classname="Testcaseoutp.UserPaneTest" name="Forumtab" time="11.178"/>
  <testcase classname="Testcaseoutp.UserPaneTest" name="Forumtabnewtopics" time="9.635"/>
  <testcase classname="Testcaseoutp.UserPaneTest" name="Forumtabnewtopics1" time="11.266"/>
  <testcase classname="Testcaseoutp.UserPaneTest" name="ForumtabnewPost" time="10.129"/>
  <testcase classname="Testcaseoutp.UserPaneTest" name="bookmarkspage" time="9.305"/>
  <testcase classname="Testcaseoutp.UserPaneTest" name="logoutpageuser" time="46.608">
    <failure type="org.openqa.selenium.NoSuchElementException" message="Unable to find element with locator By.xpath: //span[normalize-space()=&amp;apos;Log out&amp;apos;]
For documentation on this error, please visit: https://www.selenium.dev/documentation/webdriver/troubleshooting/errors#no-such-element-exception
Build info: version: &amp;apos;4.20.0&amp;apos;, revision: &amp;apos;866c76ca80&amp;apos;
System info: os.name: &amp;apos;Windows 10&amp;apos;, os.arch: &amp;apos;amd64&amp;apos;, os.version: &amp;apos;10.0&amp;apos;, java.version: &amp;apos;22.0.1&amp;apos;
Driver info: driver.version: RemoteWebDriver">
      <![CDATA[org.openqa.selenium.NoSuchElementException: Unable to find element with locator By.xpath: //span[normalize-space()='Log out']
For documentation on this error, please visit: https://www.selenium.dev/documentation/webdriver/troubleshooting/errors#no-such-element-exception
Build info: version: '4.20.0', revision: '866c76ca80'
System info: os.name: 'Windows 10', os.arch: 'amd64', os.version: '10.0', java.version: '22.0.1'
Driver info: driver.version: RemoteWebDriver
at org.openqa.selenium.remote.ElementLocation$ElementFinder$2.findElement(ElementLocation.java:168)
at org.openqa.selenium.remote.ElementLocation.findElement(ElementLocation.java:59)
at org.openqa.selenium.remote.RemoteWebDriver.findElement(RemoteWebDriver.java:355)
at org.openqa.selenium.remote.RemoteWebDriver.findElement(RemoteWebDriver.java:349)
at PageObject.UserPanel.logoutpageuser(UserPanel.java:242)
at Testcaseoutp.UserPaneTest.logoutpageuser(UserPaneTest.java:620)
at java.base/java.util.ArrayList.forEach(ArrayList.java:1597)
... Removed 25 stack frames]]>
    </failure>
  </testcase> <!-- logoutpageuser -->
  <testcase classname="Testcaseoutp.InstructorPanelTest" name="courseopen" time="8.695"/>
  <testcase classname="Testcaseoutp.InstructorPanelTest" name="dashboard" time="10.017"/>
  <testcase classname="Testcaseoutp.InstructorPanelTest" name="Courses" time="12.452"/>
  <testcase classname="Testcaseoutp.InstructorPanelTest" name="coursemycourse" time="10.861"/>
  <testcase classname="Testcaseoutp.InstructorPanelTest" name="CoursesMycoursepage" time="10.33"/>
  <testcase classname="Testcaseoutp.InstructorPanelTest" name="mypurchessetab" time="8.827"/>
  <testcase classname="Testcaseoutp.InstructorPanelTest" name="myCoursecomments" time="8.727"/>
  <testcase classname="Testcaseoutp.InstructorPanelTest" name="favtestinst" time="10.091"/>
  <testcase classname="Testcaseoutp.InstructorPanelTest" name="CoursebundlesTest" time="11.491"/>
  <testcase classname="Testcaseoutp.InstructorPanelTest" name="NewCoursebundlesTest" time="10.367"/>
  <testcase classname="Testcaseoutp.InstructorPanelTest" name="MyBundleCoursebundlesTest" time="9.723"/>
  <testcase classname="Testcaseoutp.InstructorPanelTest" name="Assigmenttest" time="11.818"/>
  <testcase classname="Testcaseoutp.InstructorPanelTest" name="myAssigmenttest" time="8.301"/>
  <testcase classname="Testcaseoutp.InstructorPanelTest" name="StudentAssigmenttest" time="9.49"/>
  <testcase classname="Testcaseoutp.InstructorPanelTest" name="Meetingtest" time="8.595"/>
  <testcase classname="Testcaseoutp.InstructorPanelTest" name="requestmeeting" time="10.786"/>
  <testcase classname="Testcaseoutp.InstructorPanelTest" name="reservationmtingtest" time="10.478"/>
  <testcase classname="Testcaseoutp.InstructorPanelTest" name="requestmeetingadd" time="20.96"/>
  <testcase classname="Testcaseoutp.InstructorPanelTest" name="certificatetest" time="10.86"/>
  <testcase classname="Testcaseoutp.InstructorPanelTest" name="certificateList" time="9.749"/>
  <testcase classname="Testcaseoutp.InstructorPanelTest" name="certificate" time="8.531"/>
  <testcase classname="Testcaseoutp.InstructorPanelTest" name="certificateval" time="11.866"/>
  <testcase classname="Testcaseoutp.InstructorPanelTest" name="comletioncertificatetest" time="9.892"/>
  <testcase classname="Testcaseoutp.InstructorPanelTest" name="comletionTabnFinancial" time="8.713"/>
  <testcase classname="Testcaseoutp.InstructorPanelTest" name="comletionSalesreportl" time="9.687"/>
  <testcase classname="Testcaseoutp.InstructorPanelTest" name="FinSalesreportl" time="10.16"/>
  <testcase classname="Testcaseoutp.InstructorPanelTest" name="Finfinacsummary" time="10.028"/>
  <testcase classname="Testcaseoutp.InstructorPanelTest" name="Articles" time="7.72"/>
  <testcase classname="Testcaseoutp.InstructorPanelTest" name="FinfinfinacPayout" time="8.515"/>
  <testcase classname="Testcaseoutp.InstructorPanelTest" name="FinfinAddWalletMoney" time="10.408"/>
  <testcase classname="Testcaseoutp.InstructorPanelTest" name="FinfinAddSubscribe" time="11.753"/>
  <testcase classname="Testcaseoutp.InstructorPanelTest" name="FinfinInstallments" time="9.149"/>
  <testcase classname="Testcaseoutp.InstructorPanelTest" name="support" time="7.711"/>
  <testcase classname="Testcaseoutp.InstructorPanelTest" name="supportnewtest" time="8.594"/>
  <testcase classname="Testcaseoutp.InstructorPanelTest" name="supportnewscourseupporttest" time="8.464"/>
  <testcase classname="Testcaseoutp.InstructorPanelTest" name="supportnewTicketsttest" time="9.295"/>
  <testcase classname="Testcaseoutp.InstructorPanelTest" name="supportMarketingtest" time="7.194"/>
  <testcase classname="Testcaseoutp.InstructorPanelTest" name="sMarketingMarkDiscountstest" time="7.839"/>
  <testcase classname="Testcaseoutp.InstructorPanelTest" name="marktPromotionss" time="8.374"/>
  <testcase classname="Testcaseoutp.InstructorPanelTest" name="forum" time="7.665"/>
  <testcase classname="Testcaseoutp.InstructorPanelTest" name="forumnewForumsTopic" time="9.231"/>
  <testcase classname="Testcaseoutp.InstructorPanelTest" name="forumnewBookmark" time="8.958"/>
  <testcase classname="Testcaseoutp.InstructorPanelTest" name="Articlesnewart" time="10.527"/>
  <testcase classname="Testcaseoutp.InstructorPanelTest" name="ArticlComments" time="10.452"/>
  <testcase classname="Testcaseoutp.InstructorPanelTest" name="Noticeboardtest" time="7.947"/>
  <testcase classname="Testcaseoutp.InstructorPanelTest" name="Noticeboardtesto" time="7.885"/>
  <testcase classname="Testcaseoutp.InstructorPanelTest" name="Noticeboardhistorytesto" time="8.081"/>
  <testcase classname="Testcaseoutp.InstructorPanelTest" name="Noticeboardhistorytest" time="8.037"/>
  <testcase classname="Testcaseoutp.InstructorPanelTest" name="Noticeboarnewcourse" time="8.439"/>
  <testcase classname="Testcaseoutp.InstructorPanelTest" name="Noticeboarnewcoursenot" time="8.546"/>
  <testcase classname="Testcaseoutp.InstructorPanelTest" name="Noticeboarcourse" time="8.087"/>
  <testcase classname="Testcaseoutp.InstructorPanelTest" name="notificationinst" time="9.312">
    <failure type="org.openqa.selenium.ElementClickInterceptedException" message="element click intercepted: Element &amp;lt;span class=&amp;quot;font-14 text-dark-blue font-weight-500&amp;quot;&amp;gt;...&amp;lt;/span&amp;gt; is not clickable at point (97, 575). Other element would receive the click: &amp;lt;a href=&amp;quot;/panel/course-noticeboard/new&amp;quot;&amp;gt;...&amp;lt;/a&amp;gt;
  (Session info: chrome=127.0.6533.72)
Build info: version: &amp;apos;4.20.0&amp;apos;, revision: &amp;apos;866c76ca80&amp;apos;
System info: os.name: &amp;apos;Windows 10&amp;apos;, os.arch: &amp;apos;amd64&amp;apos;, os.version: &amp;apos;10.0&amp;apos;, java.version: &amp;apos;22.0.1&amp;apos;
Driver info: org.openqa.selenium.chrome.ChromeDriver
Command: [bfa635a3e343fdb22e27146c56381eac, clickElement {id=f.B7082EAD93241A6275B1CD7FACE05529.d.1ABC165E2703F4B962300DE9EB100610.e.129}]
Capabilities {acceptInsecureCerts: false, browserName: chrome, browserVersion: 127.0.6533.72, chrome: {chromedriverVersion: 127.0.6533.72 (9755e24ca85a..., userDataDir: C:\Users\dell\AppData\Local...}, fedcm:accounts: true, goog:chromeOptions: {debuggerAddress: localhost:20228}, networkConnectionEnabled: false, pageLoadStrategy: normal, platformName: windows, proxy: Proxy(), se:cdp: ws://localhost:20228/devtoo..., se:cdpVersion: 127.0.6533.72, setWindowRect: true, strictFileInteractability: false, timeouts: {implicit: 0, pageLoad: 300000, script: 30000}, unhandledPromptBehavior: dismiss and notify, webauthn:extension:credBlob: true, webauthn:extension:largeBlob: true, webauthn:extension:minPinLength: true, webauthn:extension:prf: true, webauthn:virtualAuthenticators: true}
Element: [[ChromeDriver: chrome on windows (bfa635a3e343fdb22e27146c56381eac)] -&amp;gt; xpath: //span[normalize-space()=&amp;apos;Notifications&amp;apos;]]
Session ID: bfa635a3e343fdb22e27146c56381eac">
      <![CDATA[org.openqa.selenium.ElementClickInterceptedException: element click intercepted: Element <span class="font-14 text-dark-blue font-weight-500">...</span> is not clickable at point (97, 575). Other element would receive the click: <a href="/panel/course-noticeboard/new">...</a>
  (Session info: chrome=127.0.6533.72)
Build info: version: '4.20.0', revision: '866c76ca80'
System info: os.name: 'Windows 10', os.arch: 'amd64', os.version: '10.0', java.version: '22.0.1'
Driver info: org.openqa.selenium.chrome.ChromeDriver
Command: [bfa635a3e343fdb22e27146c56381eac, clickElement {id=f.B7082EAD93241A6275B1CD7FACE05529.d.1ABC165E2703F4B962300DE9EB100610.e.129}]
Capabilities {acceptInsecureCerts: false, browserName: chrome, browserVersion: 127.0.6533.72, chrome: {chromedriverVersion: 127.0.6533.72 (9755e24ca85a..., userDataDir: C:\Users\dell\AppData\Local...}, fedcm:accounts: true, goog:chromeOptions: {debuggerAddress: localhost:20228}, networkConnectionEnabled: false, pageLoadStrategy: normal, platformName: windows, proxy: Proxy(), se:cdp: ws://localhost:20228/devtoo..., se:cdpVersion: 127.0.6533.72, setWindowRect: true, strictFileInteractability: false, timeouts: {implicit: 0, pageLoad: 300000, script: 30000}, unhandledPromptBehavior: dismiss and notify, webauthn:extension:credBlob: true, webauthn:extension:largeBlob: true, webauthn:extension:minPinLength: true, webauthn:extension:prf: true, webauthn:virtualAuthenticators: true}
Element: [[ChromeDriver: chrome on windows (bfa635a3e343fdb22e27146c56381eac)] -> xpath: //span[normalize-space()='Notifications']]
Session ID: bfa635a3e343fdb22e27146c56381eac
at org.openqa.selenium.remote.ErrorCodec.decode(ErrorCodec.java:167)
at org.openqa.selenium.remote.codec.w3c.W3CHttpResponseCodec.decode(W3CHttpResponseCodec.java:138)
at org.openqa.selenium.remote.codec.w3c.W3CHttpResponseCodec.decode(W3CHttpResponseCodec.java:50)
at org.openqa.selenium.remote.HttpCommandExecutor.execute(HttpCommandExecutor.java:190)
at org.openqa.selenium.remote.service.DriverCommandExecutor.invokeExecute(DriverCommandExecutor.java:216)
at org.openqa.selenium.remote.service.DriverCommandExecutor.execute(DriverCommandExecutor.java:174)
at org.openqa.selenium.remote.RemoteWebDriver.execute(RemoteWebDriver.java:518)
at org.openqa.selenium.remote.RemoteWebElement.execute(RemoteWebElement.java:223)
at org.openqa.selenium.remote.RemoteWebElement.click(RemoteWebElement.java:76)
at PageObject.InstructorDashboard.inssNotifications(InstructorDashboard.java:347)
at Testcaseoutp.InstructorPanelTest.notificationinst(InstructorPanelTest.java:1097)
at java.base/java.util.ArrayList.forEach(ArrayList.java:1597)
... Removed 28 stack frames]]>
    </failure>
  </testcase> <!-- notificationinst -->
  <testcase classname="Testcaseoutp.InstructorPanelTest" name="inspanelSettingstest" time="8.507"/>
  <testcase classname="Testcaseoutp.InstructorPanelTest" name="Profileusertest" time="10.163"/>
  <testcase classname="Testcaseoutp.InstructorPanelTest" name="logout" time="9.411"/>
  <testcase classname="Testcaseoutp.InstructorPanelTest" name="profilename" time="8.03"/>
  <testcase classname="Testcaseoutp.InstructorPanelTest" name="checkuser" time="107.507">
    <failure type="org.openqa.selenium.WebDriverException" message="target frame detached
  (failed to check if window was closed: disconnected: not connected to DevTools)
  (Session info: chrome=127.0.6533.72)
Build info: version: &amp;apos;4.20.0&amp;apos;, revision: &amp;apos;866c76ca80&amp;apos;
System info: os.name: &amp;apos;Windows 10&amp;apos;, os.arch: &amp;apos;amd64&amp;apos;, os.version: &amp;apos;10.0&amp;apos;, java.version: &amp;apos;22.0.1&amp;apos;
Driver info: org.openqa.selenium.chrome.ChromeDriver
Command: [dc7a98fd948fdf87b3a1bd225b148d3e, findElement {using=xpath, value=//span[@class=&amp;apos;mt-5 text-gray font-12&amp;apos;]}]
Capabilities {acceptInsecureCerts: false, browserName: chrome, browserVersion: 127.0.6533.72, chrome: {chromedriverVersion: 127.0.6533.72 (9755e24ca85a..., userDataDir: C:\Users\dell\AppData\Local...}, fedcm:accounts: true, goog:chromeOptions: {debuggerAddress: localhost:20476}, networkConnectionEnabled: false, pageLoadStrategy: normal, platformName: windows, proxy: Proxy(), se:cdp: ws://localhost:20476/devtoo..., se:cdpVersion: 127.0.6533.72, setWindowRect: true, strictFileInteractability: false, timeouts: {implicit: 0, pageLoad: 300000, script: 30000}, unhandledPromptBehavior: dismiss and notify, webauthn:extension:credBlob: true, webauthn:extension:largeBlob: true, webauthn:extension:minPinLength: true, webauthn:extension:prf: true, webauthn:virtualAuthenticators: true}
Session ID: dc7a98fd948fdf87b3a1bd225b148d3e">
      <![CDATA[org.openqa.selenium.WebDriverException: target frame detached
  (failed to check if window was closed: disconnected: not connected to DevTools)
  (Session info: chrome=127.0.6533.72)
Build info: version: '4.20.0', revision: '866c76ca80'
System info: os.name: 'Windows 10', os.arch: 'amd64', os.version: '10.0', java.version: '22.0.1'
Driver info: org.openqa.selenium.chrome.ChromeDriver
Command: [dc7a98fd948fdf87b3a1bd225b148d3e, findElement {using=xpath, value=//span[@class='mt-5 text-gray font-12']}]
Capabilities {acceptInsecureCerts: false, browserName: chrome, browserVersion: 127.0.6533.72, chrome: {chromedriverVersion: 127.0.6533.72 (9755e24ca85a..., userDataDir: C:\Users\dell\AppData\Local...}, fedcm:accounts: true, goog:chromeOptions: {debuggerAddress: localhost:20476}, networkConnectionEnabled: false, pageLoadStrategy: normal, platformName: windows, proxy: Proxy(), se:cdp: ws://localhost:20476/devtoo..., se:cdpVersion: 127.0.6533.72, setWindowRect: true, strictFileInteractability: false, timeouts: {implicit: 0, pageLoad: 300000, script: 30000}, unhandledPromptBehavior: dismiss and notify, webauthn:extension:credBlob: true, webauthn:extension:largeBlob: true, webauthn:extension:minPinLength: true, webauthn:extension:prf: true, webauthn:virtualAuthenticators: true}
Session ID: dc7a98fd948fdf87b3a1bd225b148d3e
at org.openqa.selenium.remote.ErrorCodec.decode(ErrorCodec.java:167)
at org.openqa.selenium.remote.codec.w3c.W3CHttpResponseCodec.decode(W3CHttpResponseCodec.java:138)
at org.openqa.selenium.remote.codec.w3c.W3CHttpResponseCodec.decode(W3CHttpResponseCodec.java:50)
at org.openqa.selenium.remote.HttpCommandExecutor.execute(HttpCommandExecutor.java:190)
at org.openqa.selenium.remote.service.DriverCommandExecutor.invokeExecute(DriverCommandExecutor.java:216)
at org.openqa.selenium.remote.service.DriverCommandExecutor.execute(DriverCommandExecutor.java:174)
at org.openqa.selenium.remote.RemoteWebDriver.execute(RemoteWebDriver.java:518)
at org.openqa.selenium.remote.ElementLocation$ElementFinder$2.findElement(ElementLocation.java:165)
at org.openqa.selenium.remote.ElementLocation.findElement(ElementLocation.java:59)
at org.openqa.selenium.remote.RemoteWebDriver.findElement(RemoteWebDriver.java:355)
at org.openqa.selenium.remote.RemoteWebDriver.findElement(RemoteWebDriver.java:349)
at PageObject.InstructorDashboard.checkprofile(InstructorDashboard.java:379)
at Testcaseoutp.InstructorPanelTest.checkuser(InstructorPanelTest.java:1197)
at java.base/java.util.ArrayList.forEach(ArrayList.java:1597)
... Removed 28 stack frames]]>
    </failure>
  </testcase> <!-- checkuser -->
  <testcase classname="baseclass.BaseTestclass" name="@AfterSuite afterlast" time="0.0">
    <ignored/>
  </testcase> <!-- @AfterSuite afterlast -->
  <testcase classname="baseclass.BaseTestclass" name="@AfterSuite afterlast" time="0.0">
    <ignored/>
  </testcase> <!-- @AfterSuite afterlast -->
  <testcase classname="baseclass.BaseTestclass" name="@AfterSuite afterlast" time="0.0">
    <ignored/>
  </testcase> <!-- @AfterSuite afterlast -->
  <testcase classname="baseclass.BaseTestclass" name="@BeforeSuite beforessuit" time="0.0">
    <ignored/>
  </testcase> <!-- @BeforeSuite beforessuit -->
  <testcase classname="baseclass.BaseTestclass" name="@BeforeSuite beforessuit" time="0.0">
    <ignored/>
  </testcase> <!-- @BeforeSuite beforessuit -->
  <testcase classname="baseclass.BaseTestclass" name="@BeforeSuite beforessuit" time="0.0">
    <ignored/>
  </testcase> <!-- @BeforeSuite beforessuit -->
</testsuite> <!-- Test -->
