<?xml version="1.0" encoding="UTF-8"?>
<testng-results ignored="0" total="1" passed="1" failed="0" skipped="0">
  <reporter-output>
  </reporter-output>
  <suite started-at="2024-08-06T18:40:31 IST" name="Default suite" finished-at="2024-08-06T18:41:13 IST" duration-ms="42441">
    <groups>
    </groups>
    <test started-at="2024-08-06T18:40:31 IST" name="Default test" finished-at="2024-08-06T18:41:13 IST" duration-ms="42441">
      <class name="Testcaseoutp.AdminTest">
        <test-method is-config="true" signature="beforessuit()[pri:0, instance:Testcaseoutp.AdminTest@9d5509a]" started-at="2024-08-06T18:40:30 IST" name="beforessuit" finished-at="2024-08-06T18:40:31 IST" duration-ms="597" status="PASS">
          <reporter-output>
          </reporter-output>
        </test-method> <!-- beforessuit -->
        <test-method is-config="true" signature="dataconfig()[pri:0, instance:Testcaseoutp.AdminTest@9d5509a]" started-at="2024-08-06T18:40:31 IST" name="dataconfig" finished-at="2024-08-06T18:40:31 IST" duration-ms="86" status="PASS">
          <reporter-output>
          </reporter-output>
        </test-method> <!-- dataconfig -->
        <test-method is-config="true" signature="launchbrowser()[pri:0, instance:Testcaseoutp.AdminTest@9d5509a]" started-at="2024-08-06T18:40:31 IST" name="launchbrowser" finished-at="2024-08-06T18:40:38 IST" duration-ms="6790" status="PASS">
          <reporter-output>
          </reporter-output>
        </test-method> <!-- launchbrowser -->
        <test-method signature="CreateCoursetest()[pri:0, instance:Testcaseoutp.AdminTest@9d5509a]" started-at="2024-08-06T18:40:38 IST" name="CreateCoursetest" finished-at="2024-08-06T18:41:13 IST" duration-ms="35023" status="PASS">
          <reporter-output>
          </reporter-output>
        </test-method> <!-- CreateCoursetest -->
        <test-method is-config="true" signature="quitbrowser()[pri:0, instance:Testcaseoutp.AdminTest@9d5509a]" started-at="2024-08-06T18:41:13 IST" name="quitbrowser" finished-at="2024-08-06T18:41:13 IST" duration-ms="482" status="PASS">
          <reporter-output>
          </reporter-output>
        </test-method> <!-- quitbrowser -->
        <test-method is-config="true" signature="aftsetup()[pri:0, instance:Testcaseoutp.AdminTest@9d5509a]" started-at="2024-08-06T18:41:13 IST" name="aftsetup" finished-at="2024-08-06T18:41:13 IST" duration-ms="0" status="PASS">
          <reporter-output>
          </reporter-output>
        </test-method> <!-- aftsetup -->
        <test-method is-config="true" signature="afterlast()[pri:0, instance:Testcaseoutp.AdminTest@9d5509a]" started-at="2024-08-06T18:41:13 IST" name="afterlast" finished-at="2024-08-06T18:41:15 IST" duration-ms="1830" status="PASS">
          <reporter-output>
          </reporter-output>
        </test-method> <!-- afterlast -->
      </class> <!-- Testcaseoutp.AdminTest -->
    </test> <!-- Default test -->
  </suite> <!-- Default suite -->
</testng-results>
