<?xml version="1.0" encoding="UTF-8"?>
<testng-results ignored="0" total="1" passed="1" failed="0" skipped="0">
  <reporter-output>
  </reporter-output>
  <suite started-at="2024-07-01T16:13:50 IST" name="Default suite" finished-at="2024-07-01T16:14:12 IST" duration-ms="21613">
    <groups>
    </groups>
    <test started-at="2024-07-01T16:13:50 IST" name="Default test" finished-at="2024-07-01T16:14:12 IST" duration-ms="21613">
      <class name="Testcaseoutp.InstructorPanelTest">
        <test-method is-config="true" signature="beforessuit()[pri:0, instance:Testcaseoutp.InstructorPanelTest@6ed3ccb2]" started-at="2024-07-01T16:13:50 IST" name="beforessuit" finished-at="2024-07-01T16:13:50 IST" duration-ms="530" status="PASS">
          <reporter-output>
          </reporter-output>
        </test-method> <!-- beforessuit -->
        <test-method is-config="true" signature="dataconfig()[pri:0, instance:Testcaseoutp.InstructorPanelTest@6ed3ccb2]" started-at="2024-07-01T16:13:50 IST" name="dataconfig" finished-at="2024-07-01T16:13:50 IST" duration-ms="75" status="PASS">
          <reporter-output>
          </reporter-output>
        </test-method> <!-- dataconfig -->
        <test-method is-config="true" signature="launchbrowser()[pri:0, instance:Testcaseoutp.InstructorPanelTest@6ed3ccb2]" started-at="2024-07-01T16:13:50 IST" name="launchbrowser" finished-at="2024-07-01T16:13:58 IST" duration-ms="7433" status="PASS">
          <reporter-output>
          </reporter-output>
        </test-method> <!-- launchbrowser -->
        <test-method signature="favtestinst()[pri:0, instance:Testcaseoutp.InstructorPanelTest@6ed3ccb2]" started-at="2024-07-01T16:13:58 IST" name="favtestinst" finished-at="2024-07-01T16:14:11 IST" duration-ms="13711" status="PASS">
          <reporter-output>
          </reporter-output>
        </test-method> <!-- favtestinst -->
        <test-method is-config="true" signature="quitbrowser()[pri:0, instance:Testcaseoutp.InstructorPanelTest@6ed3ccb2]" started-at="2024-07-01T16:14:11 IST" name="quitbrowser" finished-at="2024-07-01T16:14:12 IST" duration-ms="334" status="PASS">
          <reporter-output>
          </reporter-output>
        </test-method> <!-- quitbrowser -->
        <test-method is-config="true" signature="aftsetup()[pri:0, instance:Testcaseoutp.InstructorPanelTest@6ed3ccb2]" started-at="2024-07-01T16:14:12 IST" name="aftsetup" finished-at="2024-07-01T16:14:12 IST" duration-ms="1" status="PASS">
          <reporter-output>
          </reporter-output>
        </test-method> <!-- aftsetup -->
        <test-method is-config="true" signature="afterlast()[pri:0, instance:Testcaseoutp.InstructorPanelTest@6ed3ccb2]" started-at="2024-07-01T16:14:12 IST" name="afterlast" finished-at="2024-07-01T16:14:12 IST" duration-ms="662" status="PASS">
          <reporter-output>
          </reporter-output>
        </test-method> <!-- afterlast -->
      </class> <!-- Testcaseoutp.InstructorPanelTest -->
    </test> <!-- Default test -->
  </suite> <!-- Default suite -->
</testng-results>
